<?xml version="1.0" encoding="UTF-8"?>
<!-- Generated by org.testng.reporters.JUnitXMLReporter -->
<testsuite ignored="3" hostname="ZakirZR-Bluestone" failures="0" tests="1" name="Default test" time="21.548" errors="0" timestamp="2022-12-04T23:04:26 IST">
  <testcase classname="TestCases.Enrollment_TestCases" name="HappyFlow_TestCase" time="17.242"/>
  <testcase classname="TestCases.Enrollment_TestCases" name="ValidateEndFlow" time="0.0">
    <ignored/>
  </testcase> <!-- ValidateEndFlow -->
  <testcase classname="TestCases.Enrollment_TestCases" name="ValdiaMMiltaFLow" time="0.0">
    <ignored/>
  </testcase> <!-- ValdiaMMiltaFLow -->
  <testcase classname="TestCases.Enrollment_TestCases" name="HappyFlow_TestCase2" time="0.0">
    <ignored/>
  </testcase> <!-- HappyFlow_TestCase2 -->
</testsuite> <!-- Default test -->
