<?xml version="1.0" encoding="UTF-8"?>
<testng-results ignored="0" total="1" passed="1" failed="0" skipped="0">
  <reporter-output>
  </reporter-output>
  <suite started-at="2022-12-03T22:19:10 IST" name="Default suite" finished-at="2022-12-03T22:19:29 IST" duration-ms="18384">
    <groups>
    </groups>
    <test started-at="2022-12-03T22:19:10 IST" name="Default test" finished-at="2022-12-03T22:19:29 IST" duration-ms="18384">
      <class name="TestCases.LoginModule_testCases">
        <test-method is-config="true" signature="PreTestCase()[pri:0, instance:TestCases.LoginModule_testCases@4310d43]" started-at="2022-12-03T22:19:10 IST" name="PreTestCase" finished-at="2022-12-03T22:19:12 IST" duration-ms="1426" status="PASS">
          <reporter-output>
          </reporter-output>
        </test-method> <!-- PreTestCase -->
        <test-method signature="LoginTestCase()[pri:0, instance:TestCases.LoginModule_testCases@4310d43]" started-at="2022-12-03T22:19:12 IST" name="LoginTestCase" finished-at="2022-12-03T22:19:13 IST" duration-ms="664" status="PASS">
          <reporter-output>
          </reporter-output>
        </test-method> <!-- LoginTestCase -->
        <test-method is-config="true" signature="PostTestCase()[pri:0, instance:TestCases.LoginModule_testCases@4310d43]" started-at="2022-12-03T22:19:13 IST" name="PostTestCase" finished-at="2022-12-03T22:19:29 IST" duration-ms="16271" status="PASS">
          <reporter-output>
          </reporter-output>
        </test-method> <!-- PostTestCase -->
      </class> <!-- TestCases.LoginModule_testCases -->
    </test> <!-- Default test -->
  </suite> <!-- Default suite -->
</testng-results>
